<?xml version="1.0" encoding="UTF-8"?>
<!-- Generated by org.testng.reporters.JUnitReportReporter -->
<testsuite skipped="0" hostname="DESKTOP-SIRH103" name="com.rbc.gam.scenarios.PlaceOrderTest" tests="1" failures="0" timestamp="04 Nov 2018 00:34:45 GMT" time="33.440" errors="0">
  <testcase name="place_order" time="33.440" classname="com.rbc.gam.scenarios.PlaceOrderTest"/>
</testsuite> <!-- com.rbc.gam.scenarios.PlaceOrderTest -->
