<?xml version="1.0" encoding="UTF-8"?>
<!-- Generated by org.testng.reporters.JUnitReportReporter -->
<testsuite skipped="0" hostname="DESKTOP-SIRH103" name="com.rbc.gam.scenarios.InitTest" tests="1" failures="0" timestamp="28 Oct 2018 17:20:11 GMT" time="0.034" errors="0">
  <testcase name="test1" time="0.034" classname="com.rbc.gam.scenarios.InitTest"/>
</testsuite> <!-- com.rbc.gam.scenarios.InitTest -->
