<?xml version="1.0" encoding="UTF-8"?>
<!-- Generated by org.testng.reporters.JUnitReportReporter -->
<testsuite skipped="0" hostname="DESKTOP-SIRH103" name="com.rbc.gam.scenarios.PlaceOrderTest" tests="1" failures="0" timestamp="29 Oct 2018 18:58:53 GMT" time="41.481" errors="0">
  <testcase name="place_order" time="41.481" classname="com.rbc.gam.scenarios.PlaceOrderTest"/>
</testsuite> <!-- com.rbc.gam.scenarios.PlaceOrderTest -->
